<?xml version="1.0" encoding="UTF-8"?>
<!-- Generated by org.testng.reporters.JUnitXMLReporter -->
<testsuite hostname="RITIKA" ignored="3" name="TestonSmoke" tests="3" failures="0" timestamp="06 Jun 2021 06:23:15 GMT" time="33.327" errors="0">
  <testcase name="leadcreation" time="7.136" classname="com.vtiger.test.LeadTest1"/>
  <testcase name="producttesting" time="9.447" classname="com.vtiger.test.ProductTest1"/>
  <testcase name="tickettest" time="16.712" classname="com.vtiger.test.TicketTest1"/>
  <testcase name="verifyhometest" time="0.0" classname="com.vtiger.test.HomeTest1">
    <ignored/>
  </testcase> <!-- verifyhometest -->
  <testcase name="ValidLogin" time="0.0" classname="com.vtiger.test.LoginTest1">
    <ignored/>
  </testcase> <!-- ValidLogin -->
  <testcase name="verifyaccounttest" time="0.0" classname="com.vtiger.test.AccountTest1">
    <ignored/>
  </testcase> <!-- verifyaccounttest -->
</testsuite> <!-- TestonSmoke -->
