<?xml version="1.0" encoding="UTF-8"?>
<!-- Generated by org.testng.reporters.JUnitXMLReporter -->
<testsuite hostname="RITIKA" ignored="0" name="Test" tests="3" failures="0" timestamp="2021-06-08T23:49:16 PDT" time="74.611" errors="0">
  <testcase name="leadcreation" time="33.549" classname="com.vtiger.test.LeadTest1"/>
  <testcase name="producttesting" time="5.921" classname="com.vtiger.test.ProductTest1"/>
  <testcase name="tickettest" time="13.128" classname="com.vtiger.test.TicketTest1"/>
</testsuite> <!-- Test -->
